<?xml version="1.0" encoding="UTF-8"?>
<testng-results skipped="0" failed="0" ignored="0" total="1" passed="1">
  <reporter-output>
  </reporter-output>
  <suite name="Default suite" duration-ms="13201" started-at="2018-10-18T11:44:35Z" finished-at="2018-10-18T11:44:48Z">
    <groups>
    </groups>
    <test name="Default test" duration-ms="13201" started-at="2018-10-18T11:44:35Z" finished-at="2018-10-18T11:44:48Z">
      <class name="scripts.TestDate">
        <test-method status="PASS" signature="OpenApplication()[pri:0, instance:scripts.TestDate@57e1b0c]" name="OpenApplication" is-config="true" duration-ms="9631" started-at="2018-10-18T11:44:35Z" finished-at="2018-10-18T11:44:45Z">
          <reporter-output>
          </reporter-output>
        </test-method> <!-- OpenApplication -->
        <test-method status="PASS" signature="TestDates()[pri:0, instance:scripts.TestDate@57e1b0c]" name="TestDates" duration-ms="1186" started-at="2018-10-18T11:44:45Z" finished-at="2018-10-18T11:44:46Z">
          <reporter-output>
          </reporter-output>
        </test-method> <!-- TestDates -->
        <test-method status="PASS" signature="CloseApplication()[pri:0, instance:scripts.TestDate@57e1b0c]" name="CloseApplication" is-config="true" duration-ms="2362" started-at="2018-10-18T11:44:46Z" finished-at="2018-10-18T11:44:48Z">
          <reporter-output>
          </reporter-output>
        </test-method> <!-- CloseApplication -->
      </class> <!-- scripts.TestDate -->
    </test> <!-- Default test -->
  </suite> <!-- Default suite -->
</testng-results>
