<?xml version="1.0" encoding="UTF-8"?>
<testng-results skipped="0" failed="0" ignored="0" total="1" passed="1">
  <reporter-output>
  </reporter-output>
  <suite name="Default suite" duration-ms="12585" started-at="2018-10-18T10:22:33Z" finished-at="2018-10-18T10:22:45Z">
    <groups>
    </groups>
    <test name="Default test" duration-ms="12585" started-at="2018-10-18T10:22:33Z" finished-at="2018-10-18T10:22:45Z">
      <class name="scripts.TestDate">
        <test-method status="PASS" signature="OpenApplication()[pri:0, instance:scripts.TestDate@57e1b0c]" name="OpenApplication" is-config="true" duration-ms="12190" started-at="2018-10-18T10:22:33Z" finished-at="2018-10-18T10:22:45Z">
          <reporter-output>
          </reporter-output>
        </test-method> <!-- OpenApplication -->
        <test-method status="PASS" signature="TestDates()[pri:0, instance:scripts.TestDate@57e1b0c]" name="TestDates" duration-ms="29" started-at="2018-10-18T10:22:45Z" finished-at="2018-10-18T10:22:45Z">
          <reporter-output>
          </reporter-output>
        </test-method> <!-- TestDates -->
        <test-method status="PASS" signature="CloseApplication()[pri:0, instance:scripts.TestDate@57e1b0c]" name="CloseApplication" is-config="true" duration-ms="347" started-at="2018-10-18T10:22:45Z" finished-at="2018-10-18T10:22:45Z">
          <reporter-output>
          </reporter-output>
        </test-method> <!-- CloseApplication -->
      </class> <!-- scripts.TestDate -->
    </test> <!-- Default test -->
  </suite> <!-- Default suite -->
</testng-results>
